Arguments: 
  C:\Program Files\nodejs\node.exe C:\Program Files (x86)\Yarn\bin\yarn.js run encore dev --watch

PATH: 
  C:\ProgramData\Oracle\Java\javapath;C:\Program Files (x86)\HP SimplePass\;C:\Program Files (x86)\Intel\iCLS Client\;C:\Program Files\Intel\iCLS Client\;C:\WINDOWS\system32;C:\WINDOWS;C:\WINDOWS\System32\Wbem;C:\WINDOWS\System32\WindowsPowerShell\v1.0\;C:\Program Files (x86)\Windows Live\Shared;C:\Program Files\Intel\Intel(R) Management Engine Components\DAL;C:\Program Files\Intel\Intel(R) Management Engine Components\IPT;C:\Program Files (x86)\Intel\Intel(R) Management Engine Components\DAL;C:\Program Files (x86)\Intel\Intel(R) Management Engine Components\IPT;C:\Program Files (x86)\Intel\OpenCL SDK\2.0\bin\x86;C:\Program Files (x86)\Intel\OpenCL SDK\2.0\bin\x64;C:\wamp\bin\php\php5.3.5;C:\Program Files (x86)\Windows Kits\8.1\Windows Performance Toolkit\;C:\Program Files\Microsoft SQL Server\110\Tools\Binn\;C:\Program Files (x86)\Microsoft SDKs\TypeScript\1.0\;C:\Program Files\Microsoft SQL Server\120\Tools\Binn\;C:\ProgramData\ComposerSetup\bin;c:\Program Files (x86)\Microsoft SQL Server\100\Tools\Binn\;c:\Program Files\Microsoft SQL Server\100\Tools\Binn\;c:\Program Files\Microsoft SQL Server\100\DTS\Binn\;c:\Program Files (x86)\Microsoft SQL Server\100\Tools\Binn\VSShell\Common7\IDE\;c:\Program Files (x86)\Microsoft Visual Studio 9.0\Common7\IDE\PrivateAssemblies\;c:\Program Files (x86)\Microsoft SQL Server\100\DTS\Binn\;C:\wamp64\bin\php\php7.1.9;C:\Program Files\TortoiseGit\bin;C:\Program Files\Java\jdk1.8.0_65\bin;C:\Program Files\PuTTY\;C:\Program Files\nodejs\;C:\Program Files (x86)\Yarn\bin\;C:\Users\Zo\AppData\Roaming\Composer\vendor\bin;C:\Program Files\Microsoft VS Code\bin;C:\Users\Zo\AppData\Roaming\npm;C:\Users\Zo\AppData\Local\Yarn\bin

Yarn version: 
  1.5.1

Node version: 
  8.11.1

Platform: 
  win32 x64

npm manifest: 
  {
    "name": "sf-challenge",
    "version": "1.0.0",
    "description": "bocasay symfony challenge",
    "main": "webpack.config.js",
    "directories": {
      "test": "tests"
    },
    "dependencies": {
      "ajv": "^6.4.0",
      "bootstrap": "^4.1.1",
      "bootstrap-datepicker": "^1.8.0",
      "bootstrap-multiselect": "^0.9.13",
      "datatables.net-dt": "^1.10.16",
      "jquery": "^3.3.1",
      "node-notifier": "^5.2.1",
      "popper.js": "^1.14.3",
      "select2": "^4.0.6-rc.1",
      "select2-bootstrap-css": "^1.4.6",
      "shellwords": "^0.1.1",
      "webpack-notifier": "^1.6.0"
    },
    "devDependencies": {
      "@symfony/webpack-encore": "^0.17.0",
      "exports-loader": "^0.7.0",
      "node-sass": "^4.9.0",
      "sass-loader": "^6.0.7"
    },
    "scripts": {
      "dev-server": "encore dev-server",
      "dev": "encore dev",
      "watch": "encore dev --watch",
      "build": "encore production"
    },
    "author": "",
    "license": "ISC"
  }

yarn manifest: 
  No manifest

Lockfile: 
  No lockfile

Trace: 
  Error: Command failed.
  Exit code: 3221225786
  Command: C:\WINDOWS\system32\cmd.exe
  Arguments: /d /s /c C:\wamp64\www\sf-challenge\node_modules\.bin\encore dev --watch
  Directory: C:\wamp64\www\sf-challenge
  Output:
  
      at ProcessTermError.MessageError (C:\Program Files (x86)\Yarn\lib\cli.js:186:110)
      at new ProcessTermError (C:\Program Files (x86)\Yarn\lib\cli.js:226:113)
      at ChildProcess.<anonymous> (C:\Program Files (x86)\Yarn\lib\cli.js:30281:17)
      at emitTwo (events.js:126:13)
      at ChildProcess.emit (events.js:214:7)
      at maybeClose (internal/child_process.js:925:16)
      at Process.ChildProcess._handle.onexit (internal/child_process.js:209:5)
